{
  "stats": {
    "suites": 12,
    "tests": 41,
    "passes": 21,
    "pending": 0,
    "failures": 20,
    "start": "2021-09-13T15:35:01.825Z",
    "end": "2021-09-13T15:36:41.416Z",
    "duration": 99591,
    "testsRegistered": 41,
    "passPercent": 51.21951219512195,
    "pendingPercent": 0,
    "other": 0,
    "hasOther": false,
    "skipped": 0,
    "hasSkipped": false
  },
  "results": [
    {
      "uuid": "3d9c7252-4416-4de7-aea9-11af9213fc6b",
      "title": "",
      "fullFile": "cypress/integration/project.spec.js",
      "file": "cypress/integration/project.spec.js",
      "beforeHooks": [],
      "afterHooks": [],
      "tests": [],
      "suites": [
        {
          "uuid": "da56063c-679b-4899-8201-03c1bf0d7dfa",
          "title": "1 - Adicione à página o título \"Paleta de Cores\".",
          "fullFile": "",
          "file": "",
          "beforeHooks": [],
          "afterHooks": [],
          "tests": [
            {
              "title": "Verifica se contém um elemento `h1` com o id `title` com o título correto",
              "fullTitle": "1 - Adicione à página o título \"Paleta de Cores\". Verifica se contém um elemento `h1` com o id `title` com o título correto",
              "timedOut": null,
              "duration": 195,
              "state": "passed",
              "speed": "slow",
              "pass": true,
              "fail": false,
              "pending": false,
              "context": null,
              "code": "cy.get('h1#title').should('contain.text', 'Paleta de Cores');",
              "err": {},
              "uuid": "8f6c88e5-7458-4ec1-85fa-92bf344ec0f4",
              "parentUUID": "da56063c-679b-4899-8201-03c1bf0d7dfa",
              "isHook": false,
              "skipped": false
            }
          ],
          "suites": [],
          "passes": [
            "8f6c88e5-7458-4ec1-85fa-92bf344ec0f4"
          ],
          "failures": [],
          "pending": [],
          "skipped": [],
          "duration": 195,
          "root": false,
          "rootEmpty": false,
          "_timeout": 2000
        },
        {
          "uuid": "d1fa7636-80f3-4581-b4f3-60a0a803c994",
          "title": "2 - Adicione à página uma paleta de quatro cores distintas.",
          "fullFile": "",
          "file": "",
          "beforeHooks": [],
          "afterHooks": [],
          "tests": [
            {
              "title": "A paleta de cores deve ser um elemento com `id` denominado `color-palette`",
              "fullTitle": "2 - Adicione à página uma paleta de quatro cores distintas. A paleta de cores deve ser um elemento com `id` denominado `color-palette`",
              "timedOut": null,
              "duration": 157,
              "state": "passed",
              "speed": "slow",
              "pass": true,
              "fail": false,
              "pending": false,
              "context": null,
              "code": "cy.get('#color-palette').should('be.visible');\ncy.get('#color-palette').children('.color');",
              "err": {},
              "uuid": "fa95d0f3-65b1-484b-8132-94e8a6b0fe57",
              "parentUUID": "d1fa7636-80f3-4581-b4f3-60a0a803c994",
              "isHook": false,
              "skipped": false
            },
            {
              "title": "Verifica se cada cor individual da paleta de cores possui a `classe` chamada `color`.",
              "fullTitle": "2 - Adicione à página uma paleta de quatro cores distintas. Verifica se cada cor individual da paleta de cores possui a `classe` chamada `color`.",
              "timedOut": null,
              "duration": 171,
              "state": "passed",
              "speed": "slow",
              "pass": true,
              "fail": false,
              "pending": false,
              "context": null,
              "code": "cy.get('.color').should('have.length', 4).then(function (colors) {\n  for (var i = 0; i < colors.length; i++) {\n    cy.wrap(colors[i]).should('be.visible');\n  }\n});",
              "err": {},
              "uuid": "8dd25aac-35a0-493b-a101-dbf89cb73506",
              "parentUUID": "d1fa7636-80f3-4581-b4f3-60a0a803c994",
              "isHook": false,
              "skipped": false
            },
            {
              "title": "Verifica se a cor de fundo de cada elemento da paleta é a cor que o elemento representa. **A única cor não permitida na paleta é a cor branca.**",
              "fullTitle": "2 - Adicione à página uma paleta de quatro cores distintas. Verifica se a cor de fundo de cada elemento da paleta é a cor que o elemento representa. **A única cor não permitida na paleta é a cor branca.**",
              "timedOut": null,
              "duration": 148,
              "state": "passed",
              "speed": "slow",
              "pass": true,
              "fail": false,
              "pending": false,
              "context": null,
              "code": "cy.get('.color').each(function (color) {\n  cy.wrap(color).should('have.class', 'color').and('not.have.css', 'background-color', WHITE);\n  cy.wrap(color).should('have.css', 'background-color');\n});",
              "err": {},
              "uuid": "4c64c674-d215-4c06-9ac5-2ed0f373fb9b",
              "parentUUID": "d1fa7636-80f3-4581-b4f3-60a0a803c994",
              "isHook": false,
              "skipped": false
            },
            {
              "title": "Verifica se cada elemento da paleta de cores tem uma borda preta, sólida e com 1 pixel de largura;",
              "fullTitle": "2 - Adicione à página uma paleta de quatro cores distintas. Verifica se cada elemento da paleta de cores tem uma borda preta, sólida e com 1 pixel de largura;",
              "timedOut": null,
              "duration": 167,
              "state": "passed",
              "speed": "slow",
              "pass": true,
              "fail": false,
              "pending": false,
              "context": null,
              "code": "cy.get('.color').each(function (color) {\n  cy.wrap(color).and('have.css', 'border', \"1px solid \".concat(BLACK)).and('have.class', 'color');\n});",
              "err": {},
              "uuid": "1031eee3-1e2b-4c43-b07d-2a00de56697f",
              "parentUUID": "d1fa7636-80f3-4581-b4f3-60a0a803c994",
              "isHook": false,
              "skipped": false
            },
            {
              "title": "Verifica se a paleta lista todas as cores disponíveis para utilização, lado a lado.",
              "fullTitle": "2 - Adicione à página uma paleta de quatro cores distintas. Verifica se a paleta lista todas as cores disponíveis para utilização, lado a lado.",
              "timedOut": null,
              "duration": 124,
              "state": "passed",
              "speed": "slow",
              "pass": true,
              "fail": false,
              "pending": false,
              "context": null,
              "code": "cy.get('.color').then(function (colors) {\n  for (var index = 1; index < colors.length; index += 1) {\n    var currentColor = colors[index];\n    var previousColor = colors[index - 1];\n    cy.wrap(currentColor).should('be.onTheRightOf', previousColor).and('be.horizontallyAlignedWith', previousColor);\n  }\n});",
              "err": {},
              "uuid": "f99649b5-9d24-4a89-b237-9d988565afee",
              "parentUUID": "d1fa7636-80f3-4581-b4f3-60a0a803c994",
              "isHook": false,
              "skipped": false
            },
            {
              "title": "Verifica se a paleta de cores está posicionada abaixo do título 'Paleta de Cores'",
              "fullTitle": "2 - Adicione à página uma paleta de quatro cores distintas. Verifica se a paleta de cores está posicionada abaixo do título 'Paleta de Cores'",
              "timedOut": null,
              "duration": 118,
              "state": "passed",
              "speed": "slow",
              "pass": true,
              "fail": false,
              "pending": false,
              "context": null,
              "code": "cy.get('h1#title').then(function (title) {\n  cy.get('#color-palette').should('be.belowOf', title);\n});",
              "err": {},
              "uuid": "208511e9-8f08-45d8-a885-a85e2db72fe2",
              "parentUUID": "d1fa7636-80f3-4581-b4f3-60a0a803c994",
              "isHook": false,
              "skipped": false
            },
            {
              "title": "Verifica se a paleta de cores não contém cores repetidas.",
              "fullTitle": "2 - Adicione à página uma paleta de quatro cores distintas. Verifica se a paleta de cores não contém cores repetidas.",
              "timedOut": null,
              "duration": 90,
              "state": "passed",
              "speed": "slow",
              "pass": true,
              "fail": false,
              "pending": false,
              "context": null,
              "code": "cy.get('.color').then(function (colors) {\n  var allColors = Array.from(colors).map(function (color) {\n    return Cypress.$(color).css('background-color');\n  });\n  cy.log(allColors);\n  var uniqColors = (0, _toConsumableArray2[\"default\"])(new Set(allColors));\n  cy.log(uniqColors);\n  expect(allColors.length).to.eq(uniqColors.length);\n});",
              "err": {},
              "uuid": "9df3d814-45a4-49fe-a54f-808c31254229",
              "parentUUID": "d1fa7636-80f3-4581-b4f3-60a0a803c994",
              "isHook": false,
              "skipped": false
            }
          ],
          "suites": [],
          "passes": [
            "fa95d0f3-65b1-484b-8132-94e8a6b0fe57",
            "8dd25aac-35a0-493b-a101-dbf89cb73506",
            "4c64c674-d215-4c06-9ac5-2ed0f373fb9b",
            "1031eee3-1e2b-4c43-b07d-2a00de56697f",
            "f99649b5-9d24-4a89-b237-9d988565afee",
            "208511e9-8f08-45d8-a885-a85e2db72fe2",
            "9df3d814-45a4-49fe-a54f-808c31254229"
          ],
          "failures": [],
          "pending": [],
          "skipped": [],
          "duration": 975,
          "root": false,
          "rootEmpty": false,
          "_timeout": 2000
        },
        {
          "uuid": "bff8e90b-431e-461d-b925-eb4b75239fac",
          "title": "3 - Adicione a cor **preta** como a primeira cor da paleta de cores.",
          "fullFile": "",
          "file": "",
          "beforeHooks": [],
          "afterHooks": [],
          "tests": [
            {
              "title": "Verifica se a primeira cor da paleta é preta",
              "fullTitle": "3 - Adicione a cor **preta** como a primeira cor da paleta de cores. Verifica se a primeira cor da paleta é preta",
              "timedOut": null,
              "duration": 101,
              "state": "passed",
              "speed": "slow",
              "pass": true,
              "fail": false,
              "pending": false,
              "context": null,
              "code": "cy.get('.color').first().should('have.css', 'background-color', BLACK);",
              "err": {},
              "uuid": "198d6c86-22f7-4337-9108-6b16dc10337e",
              "parentUUID": "bff8e90b-431e-461d-b925-eb4b75239fac",
              "isHook": false,
              "skipped": false
            },
            {
              "title": "Verifica se as demais cores podem ser escolhidas livremente.",
              "fullTitle": "3 - Adicione a cor **preta** como a primeira cor da paleta de cores. Verifica se as demais cores podem ser escolhidas livremente.",
              "timedOut": null,
              "duration": 203,
              "state": "passed",
              "speed": "slow",
              "pass": true,
              "fail": false,
              "pending": false,
              "context": null,
              "code": "cy.get('.color').eq(1).should('not.have.css', 'background-color', BLACK);\ncy.get('.color').eq(1).should('not.have.css', 'background-color', WHITE);\ncy.get('.color').eq(1).should('not.have.css', 'background-color', 'rgba(0, 0, 0, 0)');\ncy.get('.color').eq(1).should('have.css', 'background-color');\ncy.get('.color').eq(2).should('not.have.css', 'background-color', BLACK);\ncy.get('.color').eq(2).should('not.have.css', 'background-color', WHITE);\ncy.get('.color').eq(2).should('not.have.css', 'background-color', 'rgba(0, 0, 0, 0)');\ncy.get('.color').eq(2).should('have.css', 'background-color');\ncy.get('.color').eq(3).should('not.have.css', 'background-color', BLACK);\ncy.get('.color').eq(3).should('not.have.css', 'background-color', WHITE);\ncy.get('.color').eq(3).should('not.have.css', 'background-color', 'rgba(0, 0, 0, 0)');\ncy.get('.color').eq(3).should('have.css', 'background-color');",
              "err": {},
              "uuid": "90199227-06fd-468c-8ba0-8282d2a5cbde",
              "parentUUID": "bff8e90b-431e-461d-b925-eb4b75239fac",
              "isHook": false,
              "skipped": false
            }
          ],
          "suites": [],
          "passes": [
            "198d6c86-22f7-4337-9108-6b16dc10337e",
            "90199227-06fd-468c-8ba0-8282d2a5cbde"
          ],
          "failures": [],
          "pending": [],
          "skipped": [],
          "duration": 304,
          "root": false,
          "rootEmpty": false,
          "_timeout": 2000
        },
        {
          "uuid": "4e5aad02-8649-43a8-986b-2cc6a143bedb",
          "title": "4 - Adicione à página um quadro de pixels, com 25 pixels.",
          "fullFile": "",
          "file": "",
          "beforeHooks": [],
          "afterHooks": [],
          "tests": [
            {
              "title": "Verifica se o quadro de pixels possui o `id` denominado `pixel-board`",
              "fullTitle": "4 - Adicione à página um quadro de pixels, com 25 pixels. Verifica se o quadro de pixels possui o `id` denominado `pixel-board`",
              "timedOut": null,
              "duration": 90,
              "state": "passed",
              "speed": "slow",
              "pass": true,
              "fail": false,
              "pending": false,
              "context": null,
              "code": "cy.get('#pixel-board').should('be.visible');",
              "err": {},
              "uuid": "c70e77ca-4b2f-4eb3-a9d5-bfdac6945b2b",
              "parentUUID": "4e5aad02-8649-43a8-986b-2cc6a143bedb",
              "isHook": false,
              "skipped": false
            },
            {
              "title": "Verifica se cada pixel individual dentro do quadro possui a `classe` denominada `pixel`.",
              "fullTitle": "4 - Adicione à página um quadro de pixels, com 25 pixels. Verifica se cada pixel individual dentro do quadro possui a `classe` denominada `pixel`.",
              "timedOut": null,
              "duration": 113,
              "state": "passed",
              "speed": "slow",
              "pass": true,
              "fail": false,
              "pending": false,
              "context": null,
              "code": "cy.get('.pixel').should('have.length', 25);",
              "err": {},
              "uuid": "9e088cb8-acf7-4566-bf56-1cf6884015e9",
              "parentUUID": "4e5aad02-8649-43a8-986b-2cc6a143bedb",
              "isHook": false,
              "skipped": false
            },
            {
              "title": "Verifica se a cor inicial dos pixels dentro do quadro, ao abrir a página, é branca.",
              "fullTitle": "4 - Adicione à página um quadro de pixels, com 25 pixels. Verifica se a cor inicial dos pixels dentro do quadro, ao abrir a página, é branca.",
              "timedOut": null,
              "duration": 406,
              "state": "failed",
              "speed": null,
              "pass": false,
              "fail": true,
              "pending": false,
              "context": null,
              "code": "cy.get('.pixel').should('have.length', 25).each(function (pixel) {\n  expect(pixel).to.have.css('background-color', WHITE);\n});",
              "err": {
                "message": "AssertionError: expected '<div.pixel>' to have CSS property 'background-color' with the value 'rgb(255, 255, 255)', but the value was 'rgba(0, 0, 0, 0)'",
                "estack": "AssertionError: expected '<div.pixel>' to have CSS property 'background-color' with the value 'rgb(255, 255, 255)', but the value was 'rgba(0, 0, 0, 0)'\n    at callback (http://localhost:41519/__cypress/runner/cypress_runner.js:136947:20)\n    at getRet (http://localhost:41519/__cypress/runner/cypress_runner.js:136585:16)\n    at tryCatcher (http://localhost:41519/__cypress/runner/cypress_runner.js:167415:23)\n    at Function.Promise.attempt.Promise.try (http://localhost:41519/__cypress/runner/cypress_runner.js:164690:29)\n    at thenFn (http://localhost:41519/__cypress/runner/cypress_runner.js:136599:23)\n    at yieldItem (http://localhost:41519/__cypress/runner/cypress_runner.js:136954:16)\n    at tryCatcher (http://localhost:41519/__cypress/runner/cypress_runner.js:167415:23)\n    at Object.gotValue (http://localhost:41519/__cypress/runner/cypress_runner.js:166557:18)\n    at Object.gotAccum (http://localhost:41519/__cypress/runner/cypress_runner.js:166546:25)\n    at Object.tryCatcher (http://localhost:41519/__cypress/runner/cypress_runner.js:167415:23)\n    at Promise._settlePromiseFromHandler (http://localhost:41519/__cypress/runner/cypress_runner.js:165351:31)\n    at Promise._settlePromise (http://localhost:41519/__cypress/runner/cypress_runner.js:165408:18)\n    at Promise._settlePromiseCtx (http://localhost:41519/__cypress/runner/cypress_runner.js:165445:10)\n    at Async../node_modules/bluebird/js/release/async.js.Async._drainQueue (http://localhost:41519/__cypress/runner/cypress_runner.js:162145:12)\n    at Async../node_modules/bluebird/js/release/async.js.Async._drainQueues (http://localhost:41519/__cypress/runner/cypress_runner.js:162150:10)\n    at Async.drainQueues (http://localhost:41519/__cypress/runner/cypress_runner.js:162024:14)",
                "diff": "- 'rgba(0, 0, 0, 0)'\n+ 'rgb(255, 255, 255)'\n"
              },
              "uuid": "cb8df6b7-537f-4668-b5cc-a76598a8fba7",
              "parentUUID": "4e5aad02-8649-43a8-986b-2cc6a143bedb",
              "isHook": false,
              "skipped": false
            },
            {
              "title": "Verifica se o quadro de pixels aparece abaixo da paleta de cores",
              "fullTitle": "4 - Adicione à página um quadro de pixels, com 25 pixels. Verifica se o quadro de pixels aparece abaixo da paleta de cores",
              "timedOut": null,
              "duration": 84,
              "state": "passed",
              "speed": "slow",
              "pass": true,
              "fail": false,
              "pending": false,
              "context": null,
              "code": "cy.get('#color-palette').then(function (palette) {\n  cy.get('#pixel-board').should('be.belowOf', palette);\n});",
              "err": {},
              "uuid": "e8d7371d-42e7-4868-ab26-5f4bfd300e0c",
              "parentUUID": "4e5aad02-8649-43a8-986b-2cc6a143bedb",
              "isHook": false,
              "skipped": false
            }
          ],
          "suites": [],
          "passes": [
            "c70e77ca-4b2f-4eb3-a9d5-bfdac6945b2b",
            "9e088cb8-acf7-4566-bf56-1cf6884015e9",
            "e8d7371d-42e7-4868-ab26-5f4bfd300e0c"
          ],
          "failures": [
            "cb8df6b7-537f-4668-b5cc-a76598a8fba7"
          ],
          "pending": [],
          "skipped": [],
          "duration": 693,
          "root": false,
          "rootEmpty": false,
          "_timeout": 2000
        },
        {
          "uuid": "7020225d-ef1e-4ab5-bfe5-a4778f8340b0",
          "title": "5 - Faça com que cada elemento do quadro de pixels possua 40 pixels de largura, 40 pixels de altura e seja delimitado por uma borda preta de 1 pixel.",
          "fullFile": "",
          "file": "",
          "beforeHooks": [],
          "afterHooks": [],
          "tests": [
            {
              "title": "Verifica se o quadro de pixels tem altura e comprimento de 5 elementos",
              "fullTitle": "5 - Faça com que cada elemento do quadro de pixels possua 40 pixels de largura, 40 pixels de altura e seja delimitado por uma borda preta de 1 pixel. Verifica se o quadro de pixels tem altura e comprimento de 5 elementos",
              "timedOut": null,
              "duration": 399,
              "state": "failed",
              "speed": null,
              "pass": false,
              "fail": true,
              "pending": false,
              "context": null,
              "code": "cy.get('.pixel').should('have.length', 25).each(function (pixel) {\n  expect(pixel).to.have.css('background-color', WHITE);\n}).and(function (pixels) {\n  var rows = chunk(pixels, 5);\n  rows.forEach(function (row) {\n    for (var index = 1; index < row.length; index += 1) {\n      var current = pixels[index];\n      var previous = pixels[index - 1];\n      cy.wrap(current).should('be.onTheRightOf', previous).and('be.horizontallyAlignedWith', previous);\n    }\n  });\n  for (var index = 1; index < 5; index += 1) {\n    expect(pixels[index * 5]).to.be.belowOf(pixels[(index - 1) * 5]);\n  }\n});",
              "err": {
                "message": "AssertionError: expected '<div.pixel>' to have CSS property 'background-color' with the value 'rgb(255, 255, 255)', but the value was 'rgba(0, 0, 0, 0)'",
                "estack": "AssertionError: expected '<div.pixel>' to have CSS property 'background-color' with the value 'rgb(255, 255, 255)', but the value was 'rgba(0, 0, 0, 0)'\n    at callback (http://localhost:41519/__cypress/runner/cypress_runner.js:136947:20)\n    at getRet (http://localhost:41519/__cypress/runner/cypress_runner.js:136585:16)\n    at tryCatcher (http://localhost:41519/__cypress/runner/cypress_runner.js:167415:23)\n    at Function.Promise.attempt.Promise.try (http://localhost:41519/__cypress/runner/cypress_runner.js:164690:29)\n    at thenFn (http://localhost:41519/__cypress/runner/cypress_runner.js:136599:23)\n    at yieldItem (http://localhost:41519/__cypress/runner/cypress_runner.js:136954:16)\n    at tryCatcher (http://localhost:41519/__cypress/runner/cypress_runner.js:167415:23)\n    at Object.gotValue (http://localhost:41519/__cypress/runner/cypress_runner.js:166557:18)\n    at Object.gotAccum (http://localhost:41519/__cypress/runner/cypress_runner.js:166546:25)\n    at Object.tryCatcher (http://localhost:41519/__cypress/runner/cypress_runner.js:167415:23)\n    at Promise._settlePromiseFromHandler (http://localhost:41519/__cypress/runner/cypress_runner.js:165351:31)\n    at Promise._settlePromise (http://localhost:41519/__cypress/runner/cypress_runner.js:165408:18)\n    at Promise._settlePromiseCtx (http://localhost:41519/__cypress/runner/cypress_runner.js:165445:10)\n    at Async../node_modules/bluebird/js/release/async.js.Async._drainQueue (http://localhost:41519/__cypress/runner/cypress_runner.js:162145:12)\n    at Async../node_modules/bluebird/js/release/async.js.Async._drainQueues (http://localhost:41519/__cypress/runner/cypress_runner.js:162150:10)\n    at Async.drainQueues (http://localhost:41519/__cypress/runner/cypress_runner.js:162024:14)",
                "diff": "- 'rgba(0, 0, 0, 0)'\n+ 'rgb(255, 255, 255)'\n"
              },
              "uuid": "e78dd2e4-8844-4275-bade-b16ebe277e03",
              "parentUUID": "7020225d-ef1e-4ab5-bfe5-a4778f8340b0",
              "isHook": false,
              "skipped": false
            },
            {
              "title": "Verifica se 40 pixels é o tamanho total do elemento, incluindo seu conteúdo e excluindo a borda preta, que deve ser criada à parte.",
              "fullTitle": "5 - Faça com que cada elemento do quadro de pixels possua 40 pixels de largura, 40 pixels de altura e seja delimitado por uma borda preta de 1 pixel. Verifica se 40 pixels é o tamanho total do elemento, incluindo seu conteúdo e excluindo a borda preta, que deve ser criada à parte.",
              "timedOut": null,
              "duration": 407,
              "state": "passed",
              "speed": "slow",
              "pass": true,
              "fail": false,
              "pending": false,
              "context": null,
              "code": "cy.get('.pixel').each(function (pixel) {\n  cy.wrap(pixel).should('have.css', 'height', '40px').and('have.css', 'width', '40px').and('have.css', 'border', \"1px solid \".concat(BLACK));\n});",
              "err": {},
              "uuid": "9049d0b7-2118-4f68-a18c-776651394ca3",
              "parentUUID": "7020225d-ef1e-4ab5-bfe5-a4778f8340b0",
              "isHook": false,
              "skipped": false
            }
          ],
          "suites": [],
          "passes": [
            "9049d0b7-2118-4f68-a18c-776651394ca3"
          ],
          "failures": [
            "e78dd2e4-8844-4275-bade-b16ebe277e03"
          ],
          "pending": [],
          "skipped": [],
          "duration": 806,
          "root": false,
          "rootEmpty": false,
          "_timeout": 2000
        },
        {
          "uuid": "e55cbcd8-971d-4a61-8047-1f85c68b360e",
          "title": "6 - Defina a cor preta como cor inicial. Ao carregar a página a cor preta já deve estar selecionada para pintar os pixels",
          "fullFile": "",
          "file": "",
          "beforeHooks": [],
          "afterHooks": [],
          "tests": [
            {
              "title": "Verifica se o elemento da cor preta possui, inicialmente, a `classe` `selected`",
              "fullTitle": "6 - Defina a cor preta como cor inicial. Ao carregar a página a cor preta já deve estar selecionada para pintar os pixels Verifica se o elemento da cor preta possui, inicialmente, a `classe` `selected`",
              "timedOut": null,
              "duration": 100,
              "state": "passed",
              "speed": "slow",
              "pass": true,
              "fail": false,
              "pending": false,
              "context": null,
              "code": "cy.get('.selected').first().should('have.css', 'background-color', BLACK);",
              "err": {},
              "uuid": "e7b9e1b9-8799-452b-a98a-9aac1c9ba213",
              "parentUUID": "e55cbcd8-971d-4a61-8047-1f85c68b360e",
              "isHook": false,
              "skipped": false
            },
            {
              "title": "Verifica se nenhuma outra cor da paleta tem a `classe` `selected`",
              "fullTitle": "6 - Defina a cor preta como cor inicial. Ao carregar a página a cor preta já deve estar selecionada para pintar os pixels Verifica se nenhuma outra cor da paleta tem a `classe` `selected`",
              "timedOut": null,
              "duration": 84,
              "state": "passed",
              "speed": "slow",
              "pass": true,
              "fail": false,
              "pending": false,
              "context": null,
              "code": "cy.get('.color:not(:first-child)').each(function (color) {\n  cy.wrap(color).should('not.have.class', 'selected');\n});",
              "err": {},
              "uuid": "75b6cb0d-db84-43ad-b24a-0841285afacf",
              "parentUUID": "e55cbcd8-971d-4a61-8047-1f85c68b360e",
              "isHook": false,
              "skipped": false
            }
          ],
          "suites": [],
          "passes": [
            "e7b9e1b9-8799-452b-a98a-9aac1c9ba213",
            "75b6cb0d-db84-43ad-b24a-0841285afacf"
          ],
          "failures": [],
          "pending": [],
          "skipped": [],
          "duration": 184,
          "root": false,
          "rootEmpty": false,
          "_timeout": 2000
        },
        {
          "uuid": "72de029c-e0cb-4e85-8be0-e4c0af595b53",
          "title": "7 - Clicar em uma das cores da paleta, faz com que ela seja selecionada e utilizada para preencher os pixels no quadro.",
          "fullFile": "",
          "file": "",
          "beforeHooks": [],
          "afterHooks": [],
          "tests": [
            {
              "title": "Verifica se somente uma cor da paleta de cores tem a classe `selected` de cada vez",
              "fullTitle": "7 - Clicar em uma das cores da paleta, faz com que ela seja selecionada e utilizada para preencher os pixels no quadro. Verifica se somente uma cor da paleta de cores tem a classe `selected` de cada vez",
              "timedOut": null,
              "duration": 491,
              "state": "passed",
              "speed": "slow",
              "pass": true,
              "fail": false,
              "pending": false,
              "context": null,
              "code": "cy.get('.color').each(function (selectedColor, selectedColorIndex) {\n  cy.wrap(selectedColor).click();\n  cy.get('.color').each(function (color, colorIndex) {\n    if (colorIndex === selectedColorIndex) {\n      expect(color).to.have[\"class\"]('selected');\n    } else {\n      expect(color).not.to.have[\"class\"]('selected');\n    }\n  });\n});",
              "err": {},
              "uuid": "d2ac35a4-65be-43f0-9d00-dc4575160624",
              "parentUUID": "72de029c-e0cb-4e85-8be0-e4c0af595b53",
              "isHook": false,
              "skipped": false
            },
            {
              "title": "Verifica se os pixels dentro do quadro não têm a classe `selected` quando são clicados",
              "fullTitle": "7 - Clicar em uma das cores da paleta, faz com que ela seja selecionada e utilizada para preencher os pixels no quadro. Verifica se os pixels dentro do quadro não têm a classe `selected` quando são clicados",
              "timedOut": null,
              "duration": 8949,
              "state": "passed",
              "speed": "slow",
              "pass": true,
              "fail": false,
              "pending": false,
              "context": null,
              "code": "cy.get('.color').each(function (color) {\n  var backgroundColor = color.css('background-color');\n  cy.wrap(color).click();\n  cy.get('.pixel').each(function (pixel) {\n    cy.wrap(pixel).click().should('not.have.class', 'selected');\n  });\n});",
              "err": {},
              "uuid": "c4632aa8-49bc-45b3-9c03-1001433b0ca7",
              "parentUUID": "72de029c-e0cb-4e85-8be0-e4c0af595b53",
              "isHook": false,
              "skipped": false
            }
          ],
          "suites": [],
          "passes": [
            "d2ac35a4-65be-43f0-9d00-dc4575160624",
            "c4632aa8-49bc-45b3-9c03-1001433b0ca7"
          ],
          "failures": [],
          "pending": [],
          "skipped": [],
          "duration": 9440,
          "root": false,
          "rootEmpty": false,
          "_timeout": 2000
        },
        {
          "uuid": "13cc3d47-9c48-45d9-b4ce-2d70401414cf",
          "title": "8 - Clicar em um pixel dentro do quadro após selecionar uma cor na paleta, faz com que o pixel seja preenchido com a cor selecionada.",
          "fullFile": "",
          "file": "",
          "beforeHooks": [],
          "afterHooks": [],
          "tests": [
            {
              "title": "Verifica se ao carregar a página deve ser possível pintar os pixels de preto",
              "fullTitle": "8 - Clicar em um pixel dentro do quadro após selecionar uma cor na paleta, faz com que o pixel seja preenchido com a cor selecionada. Verifica se ao carregar a página deve ser possível pintar os pixels de preto",
              "timedOut": null,
              "duration": 2269,
              "state": "passed",
              "speed": "slow",
              "pass": true,
              "fail": false,
              "pending": false,
              "context": null,
              "code": "cy.get('.pixel').each(function (pixel) {\n  cy.wrap(pixel).click().should('have.css', 'background-color', BLACK);\n});",
              "err": {},
              "uuid": "6ddebb18-da29-45d3-9f46-f8b0d6615797",
              "parentUUID": "13cc3d47-9c48-45d9-b4ce-2d70401414cf",
              "isHook": false,
              "skipped": false
            },
            {
              "title": "Verifica se após selecionar uma outra cor na paleta, é possível pintar os pixels com essa cor",
              "fullTitle": "8 - Clicar em um pixel dentro do quadro após selecionar uma cor na paleta, faz com que o pixel seja preenchido com a cor selecionada. Verifica se após selecionar uma outra cor na paleta, é possível pintar os pixels com essa cor",
              "timedOut": null,
              "duration": 8827,
              "state": "passed",
              "speed": "slow",
              "pass": true,
              "fail": false,
              "pending": false,
              "context": null,
              "code": "cy.get('.color').each(function (color) {\n  var backgroundColor = color.css('background-color');\n  cy.wrap(color).click();\n  cy.get('.pixel').each(function (pixel) {\n    cy.wrap(pixel).click().should('have.css', 'background-color', backgroundColor);\n  });\n});",
              "err": {},
              "uuid": "bc500980-d7fe-496f-8809-4a1bf2a6d04a",
              "parentUUID": "13cc3d47-9c48-45d9-b4ce-2d70401414cf",
              "isHook": false,
              "skipped": false
            },
            {
              "title": "Verifica se somente o pixel que foi clicado foi preenchido com a cor selecionada, sem influenciar na cor dos demais pixels.",
              "fullTitle": "8 - Clicar em um pixel dentro do quadro após selecionar uma cor na paleta, faz com que o pixel seja preenchido com a cor selecionada. Verifica se somente o pixel que foi clicado foi preenchido com a cor selecionada, sem influenciar na cor dos demais pixels.",
              "timedOut": null,
              "duration": 1585,
              "state": "passed",
              "speed": "slow",
              "pass": true,
              "fail": false,
              "pending": false,
              "context": null,
              "code": "var colorToPixelIndexMap = {\n  0: 6,\n  1: 8,\n  2: 16,\n  3: 18\n};\ncy.get('.color').each(function (color, index) {\n  cy.wrap(color).click();\n  var backgroundColor = color.css('background-color');\n  var clickedPixelIndex = colorToPixelIndexMap[index];\n  cy.get('.pixel').eq(clickedPixelIndex).click();\n  cy.get('.pixel').eq(clickedPixelIndex - 1).should('not.have.css', 'background-color', backgroundColor);\n  cy.get('.pixel').eq(clickedPixelIndex + 1).should('not.have.css', 'background-color', backgroundColor);\n  cy.get('.pixel').eq(clickedPixelIndex - 5).should('not.have.css', 'background-color', backgroundColor);\n  cy.get('.pixel').eq(clickedPixelIndex + 5).should('not.have.css', 'background-color', backgroundColor);\n  cy.get('.pixel').eq(clickedPixelIndex - 6).should('not.have.css', 'background-color', backgroundColor);\n  cy.get('.pixel').eq(clickedPixelIndex - 4).should('not.have.css', 'background-color', backgroundColor);\n  cy.get('.pixel').eq(clickedPixelIndex + 4).should('not.have.css', 'background-color', backgroundColor);\n  cy.get('.pixel').eq(clickedPixelIndex + 6).should('not.have.css', 'background-color', backgroundColor);\n});",
              "err": {},
              "uuid": "70c0dd9b-75e8-4deb-b5e3-40a0c85cd567",
              "parentUUID": "13cc3d47-9c48-45d9-b4ce-2d70401414cf",
              "isHook": false,
              "skipped": false
            }
          ],
          "suites": [],
          "passes": [
            "6ddebb18-da29-45d3-9f46-f8b0d6615797",
            "bc500980-d7fe-496f-8809-4a1bf2a6d04a",
            "70c0dd9b-75e8-4deb-b5e3-40a0c85cd567"
          ],
          "failures": [],
          "pending": [],
          "skipped": [],
          "duration": 12681,
          "root": false,
          "rootEmpty": false,
          "_timeout": 2000
        },
        {
          "uuid": "139efeed-c377-4181-a642-f5308b10a5f1",
          "title": "9 - Crie um botão que, ao ser clicado, limpa o quadro preenchendo a cor de todos seus pixels com branco.",
          "fullFile": "",
          "file": "",
          "beforeHooks": [],
          "afterHooks": [],
          "tests": [
            {
              "title": "Verifica se o botão tem o `id` denominado `clear-board`",
              "fullTitle": "9 - Crie um botão que, ao ser clicado, limpa o quadro preenchendo a cor de todos seus pixels com branco. Verifica se o botão tem o `id` denominado `clear-board`",
              "timedOut": null,
              "duration": 4322,
              "state": "failed",
              "speed": null,
              "pass": false,
              "fail": true,
              "pending": false,
              "context": null,
              "code": "cy.get('#clear-board').should('be.visible');",
              "err": {
                "message": "CypressError: Timed out retrying: Expected to find element: '#clear-board', but never found it.",
                "estack": "CypressError: Timed out retrying: Expected to find element: '#clear-board', but never found it.\n    at cypressErr (http://localhost:41519/__cypress/runner/cypress_runner.js:149934:9)\n    at throwErr (http://localhost:41519/__cypress/runner/cypress_runner.js:149867:11)\n    at Object.throwErrByPath (http://localhost:41519/__cypress/runner/cypress_runner.js:149915:3)\n    at retry (http://localhost:41519/__cypress/runner/cypress_runner.js:144197:19)\n    at onFailFn (http://localhost:41519/__cypress/runner/cypress_runner.js:132448:16)\n    at tryCatcher (http://localhost:41519/__cypress/runner/cypress_runner.js:167415:23)\n    at Promise._settlePromiseFromHandler (http://localhost:41519/__cypress/runner/cypress_runner.js:165351:31)\n    at Promise._settlePromise (http://localhost:41519/__cypress/runner/cypress_runner.js:165408:18)\n    at Promise._settlePromise0 (http://localhost:41519/__cypress/runner/cypress_runner.js:165453:10)\n    at Promise._settlePromises (http://localhost:41519/__cypress/runner/cypress_runner.js:165528:18)\n    at Async../node_modules/bluebird/js/release/async.js.Async._drainQueue (http://localhost:41519/__cypress/runner/cypress_runner.js:162140:16)\n    at Async../node_modules/bluebird/js/release/async.js.Async._drainQueues (http://localhost:41519/__cypress/runner/cypress_runner.js:162150:10)\n    at Async.drainQueues (http://localhost:41519/__cypress/runner/cypress_runner.js:162024:14)",
                "diff": null
              },
              "uuid": "9ac7891f-18ae-45a4-9fa2-3922cd1982bf",
              "parentUUID": "139efeed-c377-4181-a642-f5308b10a5f1",
              "isHook": false,
              "skipped": false
            },
            {
              "title": "Verifica se o botão está posicionado entre a paleta de cores e o quadro de pixels",
              "fullTitle": "9 - Crie um botão que, ao ser clicado, limpa o quadro preenchendo a cor de todos seus pixels com branco. Verifica se o botão está posicionado entre a paleta de cores e o quadro de pixels",
              "timedOut": null,
              "duration": 4305,
              "state": "failed",
              "speed": null,
              "pass": false,
              "fail": true,
              "pending": false,
              "context": null,
              "code": "cy.get('#color-palette').then(function (palette) {\n  cy.get('#clear-board').should('be.belowOf', palette);\n});\ncy.get('#clear-board').then(function (clearBtn) {\n  cy.get('#pixel-board').should('be.belowOf', clearBtn);\n});",
              "err": {
                "message": "CypressError: Timed out retrying: Expected to find element: '#clear-board', but never found it.",
                "estack": "CypressError: Timed out retrying: Expected to find element: '#clear-board', but never found it.\n    at cypressErr (http://localhost:41519/__cypress/runner/cypress_runner.js:149934:9)\n    at throwErr (http://localhost:41519/__cypress/runner/cypress_runner.js:149867:11)\n    at Object.throwErrByPath (http://localhost:41519/__cypress/runner/cypress_runner.js:149915:3)\n    at retry (http://localhost:41519/__cypress/runner/cypress_runner.js:144197:19)\n    at onFailFn (http://localhost:41519/__cypress/runner/cypress_runner.js:132448:16)\n    at tryCatcher (http://localhost:41519/__cypress/runner/cypress_runner.js:167415:23)\n    at Promise._settlePromiseFromHandler (http://localhost:41519/__cypress/runner/cypress_runner.js:165351:31)\n    at Promise._settlePromise (http://localhost:41519/__cypress/runner/cypress_runner.js:165408:18)\n    at Promise._settlePromise0 (http://localhost:41519/__cypress/runner/cypress_runner.js:165453:10)\n    at Promise._settlePromises (http://localhost:41519/__cypress/runner/cypress_runner.js:165528:18)\n    at Async../node_modules/bluebird/js/release/async.js.Async._drainQueue (http://localhost:41519/__cypress/runner/cypress_runner.js:162140:16)\n    at Async../node_modules/bluebird/js/release/async.js.Async._drainQueues (http://localhost:41519/__cypress/runner/cypress_runner.js:162150:10)\n    at Async.drainQueues (http://localhost:41519/__cypress/runner/cypress_runner.js:162024:14)",
                "diff": null
              },
              "uuid": "aebf9f52-a032-4db1-8d75-6c57f79f6d71",
              "parentUUID": "139efeed-c377-4181-a642-f5308b10a5f1",
              "isHook": false,
              "skipped": false
            },
            {
              "title": "Verifica se o texto do botão é 'Limpar'",
              "fullTitle": "9 - Crie um botão que, ao ser clicado, limpa o quadro preenchendo a cor de todos seus pixels com branco. Verifica se o texto do botão é 'Limpar'",
              "timedOut": null,
              "duration": 4324,
              "state": "failed",
              "speed": null,
              "pass": false,
              "fail": true,
              "pending": false,
              "context": null,
              "code": "cy.get('#clear-board').should('contain.text', 'Limpar');",
              "err": {
                "message": "CypressError: Timed out retrying: Expected to find element: '#clear-board', but never found it.",
                "estack": "CypressError: Timed out retrying: Expected to find element: '#clear-board', but never found it.\n    at cypressErr (http://localhost:41519/__cypress/runner/cypress_runner.js:149934:9)\n    at throwErr (http://localhost:41519/__cypress/runner/cypress_runner.js:149867:11)\n    at Object.throwErrByPath (http://localhost:41519/__cypress/runner/cypress_runner.js:149915:3)\n    at retry (http://localhost:41519/__cypress/runner/cypress_runner.js:144197:19)\n    at onFailFn (http://localhost:41519/__cypress/runner/cypress_runner.js:132448:16)\n    at tryCatcher (http://localhost:41519/__cypress/runner/cypress_runner.js:167415:23)\n    at Promise._settlePromiseFromHandler (http://localhost:41519/__cypress/runner/cypress_runner.js:165351:31)\n    at Promise._settlePromise (http://localhost:41519/__cypress/runner/cypress_runner.js:165408:18)\n    at Promise._settlePromise0 (http://localhost:41519/__cypress/runner/cypress_runner.js:165453:10)\n    at Promise._settlePromises (http://localhost:41519/__cypress/runner/cypress_runner.js:165528:18)\n    at Async../node_modules/bluebird/js/release/async.js.Async._drainQueue (http://localhost:41519/__cypress/runner/cypress_runner.js:162140:16)\n    at Async../node_modules/bluebird/js/release/async.js.Async._drainQueues (http://localhost:41519/__cypress/runner/cypress_runner.js:162150:10)\n    at Async.drainQueues (http://localhost:41519/__cypress/runner/cypress_runner.js:162024:14)",
                "diff": null
              },
              "uuid": "e20f8c20-b47d-42d6-bc04-e4966110aa82",
              "parentUUID": "139efeed-c377-4181-a642-f5308b10a5f1",
              "isHook": false,
              "skipped": false
            },
            {
              "title": "Verifica se ao clicar no botão, o quadro de pixels é totalmente preenchido de branco",
              "fullTitle": "9 - Crie um botão que, ao ser clicado, limpa o quadro preenchendo a cor de todos seus pixels com branco. Verifica se ao clicar no botão, o quadro de pixels é totalmente preenchido de branco",
              "timedOut": null,
              "duration": 6472,
              "state": "failed",
              "speed": null,
              "pass": false,
              "fail": true,
              "pending": false,
              "context": null,
              "code": "cy.get('.color').eq(1).then(function (color) {\n  var backgroundColor = color.css('background-color');\n  cy.wrap(color).click();\n  cy.get('.pixel').each(function (pixel) {\n    cy.wrap(pixel).click().should('have.css', 'background-color', backgroundColor);\n  });\n});\ncy.get('#clear-board').click();\ncy.get('.pixel').each(function (pixel) {\n  cy.wrap(pixel).should('have.css', 'background-color', WHITE);\n});",
              "err": {
                "message": "CypressError: Timed out retrying: Expected to find element: '#clear-board', but never found it.",
                "estack": "CypressError: Timed out retrying: Expected to find element: '#clear-board', but never found it.\n    at cypressErr (http://localhost:41519/__cypress/runner/cypress_runner.js:149934:9)\n    at throwErr (http://localhost:41519/__cypress/runner/cypress_runner.js:149867:11)\n    at Object.throwErrByPath (http://localhost:41519/__cypress/runner/cypress_runner.js:149915:3)\n    at retry (http://localhost:41519/__cypress/runner/cypress_runner.js:144197:19)\n    at onFailFn (http://localhost:41519/__cypress/runner/cypress_runner.js:132448:16)\n    at tryCatcher (http://localhost:41519/__cypress/runner/cypress_runner.js:167415:23)\n    at Promise._settlePromiseFromHandler (http://localhost:41519/__cypress/runner/cypress_runner.js:165351:31)\n    at Promise._settlePromise (http://localhost:41519/__cypress/runner/cypress_runner.js:165408:18)\n    at Promise._settlePromise0 (http://localhost:41519/__cypress/runner/cypress_runner.js:165453:10)\n    at Promise._settlePromises (http://localhost:41519/__cypress/runner/cypress_runner.js:165528:18)\n    at Async../node_modules/bluebird/js/release/async.js.Async._drainQueue (http://localhost:41519/__cypress/runner/cypress_runner.js:162140:16)\n    at Async../node_modules/bluebird/js/release/async.js.Async._drainQueues (http://localhost:41519/__cypress/runner/cypress_runner.js:162150:10)\n    at Async.drainQueues (http://localhost:41519/__cypress/runner/cypress_runner.js:162024:14)",
                "diff": null
              },
              "uuid": "ad760f67-1ec6-46a1-9024-dff3fda746e9",
              "parentUUID": "139efeed-c377-4181-a642-f5308b10a5f1",
              "isHook": false,
              "skipped": false
            }
          ],
          "suites": [],
          "passes": [],
          "failures": [
            "9ac7891f-18ae-45a4-9fa2-3922cd1982bf",
            "aebf9f52-a032-4db1-8d75-6c57f79f6d71",
            "e20f8c20-b47d-42d6-bc04-e4966110aa82",
            "ad760f67-1ec6-46a1-9024-dff3fda746e9"
          ],
          "pending": [],
          "skipped": [],
          "duration": 19423,
          "root": false,
          "rootEmpty": false,
          "_timeout": 2000
        },
        {
          "uuid": "83b5b703-0a2e-48a4-94a8-033c067a9651",
          "title": "10 - Faça o quadro de pixels ter seu tamanho definido pelo usuário.",
          "fullFile": "",
          "file": "",
          "beforeHooks": [],
          "afterHooks": [],
          "tests": [
            {
              "title": "Verifica se existe um input com o id `board-size`",
              "fullTitle": "10 - Faça o quadro de pixels ter seu tamanho definido pelo usuário. Verifica se existe um input com o id `board-size`",
              "timedOut": null,
              "duration": 4342,
              "state": "failed",
              "speed": null,
              "pass": false,
              "fail": true,
              "pending": false,
              "context": null,
              "code": "cy.get('#board-size').should('be.visible');",
              "err": {
                "message": "CypressError: Timed out retrying: Expected to find element: '#board-size', but never found it.",
                "estack": "CypressError: Timed out retrying: Expected to find element: '#board-size', but never found it.\n    at cypressErr (http://localhost:41519/__cypress/runner/cypress_runner.js:149934:9)\n    at throwErr (http://localhost:41519/__cypress/runner/cypress_runner.js:149867:11)\n    at Object.throwErrByPath (http://localhost:41519/__cypress/runner/cypress_runner.js:149915:3)\n    at retry (http://localhost:41519/__cypress/runner/cypress_runner.js:144197:19)\n    at onFailFn (http://localhost:41519/__cypress/runner/cypress_runner.js:132448:16)\n    at tryCatcher (http://localhost:41519/__cypress/runner/cypress_runner.js:167415:23)\n    at Promise._settlePromiseFromHandler (http://localhost:41519/__cypress/runner/cypress_runner.js:165351:31)\n    at Promise._settlePromise (http://localhost:41519/__cypress/runner/cypress_runner.js:165408:18)\n    at Promise._settlePromise0 (http://localhost:41519/__cypress/runner/cypress_runner.js:165453:10)\n    at Promise._settlePromises (http://localhost:41519/__cypress/runner/cypress_runner.js:165528:18)\n    at Async../node_modules/bluebird/js/release/async.js.Async._drainQueue (http://localhost:41519/__cypress/runner/cypress_runner.js:162140:16)\n    at Async../node_modules/bluebird/js/release/async.js.Async._drainQueues (http://localhost:41519/__cypress/runner/cypress_runner.js:162150:10)\n    at Async.drainQueues (http://localhost:41519/__cypress/runner/cypress_runner.js:162024:14)",
                "diff": null
              },
              "uuid": "e35b4d63-478f-4232-a5c8-46a91f1b842a",
              "parentUUID": "83b5b703-0a2e-48a4-94a8-033c067a9651",
              "isHook": false,
              "skipped": false
            },
            {
              "title": "Verifica se existe um botão com o id `generate-board`",
              "fullTitle": "10 - Faça o quadro de pixels ter seu tamanho definido pelo usuário. Verifica se existe um botão com o id `generate-board`",
              "timedOut": null,
              "duration": 4412,
              "state": "failed",
              "speed": null,
              "pass": false,
              "fail": true,
              "pending": false,
              "context": null,
              "code": "cy.get('#generate-board').should('be.visible');",
              "err": {
                "message": "CypressError: Timed out retrying: Expected to find element: '#generate-board', but never found it.",
                "estack": "CypressError: Timed out retrying: Expected to find element: '#generate-board', but never found it.\n    at cypressErr (http://localhost:41519/__cypress/runner/cypress_runner.js:149934:9)\n    at throwErr (http://localhost:41519/__cypress/runner/cypress_runner.js:149867:11)\n    at Object.throwErrByPath (http://localhost:41519/__cypress/runner/cypress_runner.js:149915:3)\n    at retry (http://localhost:41519/__cypress/runner/cypress_runner.js:144197:19)\n    at onFailFn (http://localhost:41519/__cypress/runner/cypress_runner.js:132448:16)\n    at tryCatcher (http://localhost:41519/__cypress/runner/cypress_runner.js:167415:23)\n    at Promise._settlePromiseFromHandler (http://localhost:41519/__cypress/runner/cypress_runner.js:165351:31)\n    at Promise._settlePromise (http://localhost:41519/__cypress/runner/cypress_runner.js:165408:18)\n    at Promise._settlePromise0 (http://localhost:41519/__cypress/runner/cypress_runner.js:165453:10)\n    at Promise._settlePromises (http://localhost:41519/__cypress/runner/cypress_runner.js:165528:18)\n    at Async../node_modules/bluebird/js/release/async.js.Async._drainQueue (http://localhost:41519/__cypress/runner/cypress_runner.js:162140:16)\n    at Async../node_modules/bluebird/js/release/async.js.Async._drainQueues (http://localhost:41519/__cypress/runner/cypress_runner.js:162150:10)\n    at Async.drainQueues (http://localhost:41519/__cypress/runner/cypress_runner.js:162024:14)",
                "diff": null
              },
              "uuid": "4a2804c9-7f28-4fd4-abe2-c7c4101d028c",
              "parentUUID": "83b5b703-0a2e-48a4-94a8-033c067a9651",
              "isHook": false,
              "skipped": false
            },
            {
              "title": "Verifica se o input só aceita número maiores que zero. Essa restrição deve ser feita usando os atributos do elemento `input`",
              "fullTitle": "10 - Faça o quadro de pixels ter seu tamanho definido pelo usuário. Verifica se o input só aceita número maiores que zero. Essa restrição deve ser feita usando os atributos do elemento `input`",
              "timedOut": null,
              "duration": 4363,
              "state": "failed",
              "speed": null,
              "pass": false,
              "fail": true,
              "pending": false,
              "context": null,
              "code": "cy.get('#board-size[type=\\'number\\'][min=\\'1\\']');",
              "err": {
                "message": "CypressError: Timed out retrying: Expected to find element: '#board-size[type='number'][min='1']', but never found it.",
                "estack": "CypressError: Timed out retrying: Expected to find element: '#board-size[type='number'][min='1']', but never found it.\n    at cypressErr (http://localhost:41519/__cypress/runner/cypress_runner.js:149934:9)\n    at throwErr (http://localhost:41519/__cypress/runner/cypress_runner.js:149867:11)\n    at Object.throwErrByPath (http://localhost:41519/__cypress/runner/cypress_runner.js:149915:3)\n    at retry (http://localhost:41519/__cypress/runner/cypress_runner.js:144197:19)\n    at onFailFn (http://localhost:41519/__cypress/runner/cypress_runner.js:132448:16)\n    at tryCatcher (http://localhost:41519/__cypress/runner/cypress_runner.js:167415:23)\n    at Promise._settlePromiseFromHandler (http://localhost:41519/__cypress/runner/cypress_runner.js:165351:31)\n    at Promise._settlePromise (http://localhost:41519/__cypress/runner/cypress_runner.js:165408:18)\n    at Promise._settlePromise0 (http://localhost:41519/__cypress/runner/cypress_runner.js:165453:10)\n    at Promise._settlePromises (http://localhost:41519/__cypress/runner/cypress_runner.js:165528:18)\n    at Async../node_modules/bluebird/js/release/async.js.Async._drainQueue (http://localhost:41519/__cypress/runner/cypress_runner.js:162140:16)\n    at Async../node_modules/bluebird/js/release/async.js.Async._drainQueues (http://localhost:41519/__cypress/runner/cypress_runner.js:162150:10)\n    at Async.drainQueues (http://localhost:41519/__cypress/runner/cypress_runner.js:162024:14)",
                "diff": null
              },
              "uuid": "335f9a5b-7d05-4497-b874-2b4bc8de7529",
              "parentUUID": "83b5b703-0a2e-48a4-94a8-033c067a9651",
              "isHook": false,
              "skipped": false
            },
            {
              "title": "Verifica se o botão contém o texto 'VQV'",
              "fullTitle": "10 - Faça o quadro de pixels ter seu tamanho definido pelo usuário. Verifica se o botão contém o texto 'VQV'",
              "timedOut": null,
              "duration": 4380,
              "state": "failed",
              "speed": null,
              "pass": false,
              "fail": true,
              "pending": false,
              "context": null,
              "code": "cy.get('#generate-board').contains(/vqv/i);",
              "err": {
                "message": "CypressError: Timed out retrying: Expected to find element: '#generate-board', but never found it.",
                "estack": "CypressError: Timed out retrying: Expected to find element: '#generate-board', but never found it.\n    at cypressErr (http://localhost:41519/__cypress/runner/cypress_runner.js:149934:9)\n    at throwErr (http://localhost:41519/__cypress/runner/cypress_runner.js:149867:11)\n    at Object.throwErrByPath (http://localhost:41519/__cypress/runner/cypress_runner.js:149915:3)\n    at retry (http://localhost:41519/__cypress/runner/cypress_runner.js:144197:19)\n    at onFailFn (http://localhost:41519/__cypress/runner/cypress_runner.js:132448:16)\n    at tryCatcher (http://localhost:41519/__cypress/runner/cypress_runner.js:167415:23)\n    at Promise._settlePromiseFromHandler (http://localhost:41519/__cypress/runner/cypress_runner.js:165351:31)\n    at Promise._settlePromise (http://localhost:41519/__cypress/runner/cypress_runner.js:165408:18)\n    at Promise._settlePromise0 (http://localhost:41519/__cypress/runner/cypress_runner.js:165453:10)\n    at Promise._settlePromises (http://localhost:41519/__cypress/runner/cypress_runner.js:165528:18)\n    at Async../node_modules/bluebird/js/release/async.js.Async._drainQueue (http://localhost:41519/__cypress/runner/cypress_runner.js:162140:16)\n    at Async../node_modules/bluebird/js/release/async.js.Async._drainQueues (http://localhost:41519/__cypress/runner/cypress_runner.js:162150:10)\n    at Async.drainQueues (http://localhost:41519/__cypress/runner/cypress_runner.js:162024:14)",
                "diff": null
              },
              "uuid": "c1a6085d-0d51-4813-b7f8-dacf7e6804d8",
              "parentUUID": "83b5b703-0a2e-48a4-94a8-033c067a9651",
              "isHook": false,
              "skipped": false
            },
            {
              "title": "Verifica se o input está posicionado entre a paleta de cores e o quadro de pixels",
              "fullTitle": "10 - Faça o quadro de pixels ter seu tamanho definido pelo usuário. Verifica se o input está posicionado entre a paleta de cores e o quadro de pixels",
              "timedOut": null,
              "duration": 4425,
              "state": "failed",
              "speed": null,
              "pass": false,
              "fail": true,
              "pending": false,
              "context": null,
              "code": "cy.get('#color-palette').then(function (palette) {\n  cy.get('#board-size').should('be.belowOf', palette);\n});\ncy.get('#board-size').then(function (palette) {\n  cy.get('#pixel-board').should('be.belowOf', palette);\n});",
              "err": {
                "message": "CypressError: Timed out retrying: Expected to find element: '#board-size', but never found it.",
                "estack": "CypressError: Timed out retrying: Expected to find element: '#board-size', but never found it.\n    at cypressErr (http://localhost:41519/__cypress/runner/cypress_runner.js:149934:9)\n    at throwErr (http://localhost:41519/__cypress/runner/cypress_runner.js:149867:11)\n    at Object.throwErrByPath (http://localhost:41519/__cypress/runner/cypress_runner.js:149915:3)\n    at retry (http://localhost:41519/__cypress/runner/cypress_runner.js:144197:19)\n    at onFailFn (http://localhost:41519/__cypress/runner/cypress_runner.js:132448:16)\n    at tryCatcher (http://localhost:41519/__cypress/runner/cypress_runner.js:167415:23)\n    at Promise._settlePromiseFromHandler (http://localhost:41519/__cypress/runner/cypress_runner.js:165351:31)\n    at Promise._settlePromise (http://localhost:41519/__cypress/runner/cypress_runner.js:165408:18)\n    at Promise._settlePromise0 (http://localhost:41519/__cypress/runner/cypress_runner.js:165453:10)\n    at Promise._settlePromises (http://localhost:41519/__cypress/runner/cypress_runner.js:165528:18)\n    at Async../node_modules/bluebird/js/release/async.js.Async._drainQueue (http://localhost:41519/__cypress/runner/cypress_runner.js:162140:16)\n    at Async../node_modules/bluebird/js/release/async.js.Async._drainQueues (http://localhost:41519/__cypress/runner/cypress_runner.js:162150:10)\n    at Async.drainQueues (http://localhost:41519/__cypress/runner/cypress_runner.js:162024:14)",
                "diff": null
              },
              "uuid": "8ec60314-5809-44ab-888f-c32e92d8e39e",
              "parentUUID": "83b5b703-0a2e-48a4-94a8-033c067a9651",
              "isHook": false,
              "skipped": false
            },
            {
              "title": "Verifica se o botão está posicionado ao lado do input",
              "fullTitle": "10 - Faça o quadro de pixels ter seu tamanho definido pelo usuário. Verifica se o botão está posicionado ao lado do input",
              "timedOut": null,
              "duration": 4408,
              "state": "failed",
              "speed": null,
              "pass": false,
              "fail": true,
              "pending": false,
              "context": null,
              "code": "cy.get('#board-size').then(function (board) {\n  cy.get('#generate-board').should('be.onTheRightOf', board);\n});",
              "err": {
                "message": "CypressError: Timed out retrying: Expected to find element: '#board-size', but never found it.",
                "estack": "CypressError: Timed out retrying: Expected to find element: '#board-size', but never found it.\n    at cypressErr (http://localhost:41519/__cypress/runner/cypress_runner.js:149934:9)\n    at throwErr (http://localhost:41519/__cypress/runner/cypress_runner.js:149867:11)\n    at Object.throwErrByPath (http://localhost:41519/__cypress/runner/cypress_runner.js:149915:3)\n    at retry (http://localhost:41519/__cypress/runner/cypress_runner.js:144197:19)\n    at onFailFn (http://localhost:41519/__cypress/runner/cypress_runner.js:132448:16)\n    at tryCatcher (http://localhost:41519/__cypress/runner/cypress_runner.js:167415:23)\n    at Promise._settlePromiseFromHandler (http://localhost:41519/__cypress/runner/cypress_runner.js:165351:31)\n    at Promise._settlePromise (http://localhost:41519/__cypress/runner/cypress_runner.js:165408:18)\n    at Promise._settlePromise0 (http://localhost:41519/__cypress/runner/cypress_runner.js:165453:10)\n    at Promise._settlePromises (http://localhost:41519/__cypress/runner/cypress_runner.js:165528:18)\n    at Async../node_modules/bluebird/js/release/async.js.Async._drainQueue (http://localhost:41519/__cypress/runner/cypress_runner.js:162140:16)\n    at Async../node_modules/bluebird/js/release/async.js.Async._drainQueues (http://localhost:41519/__cypress/runner/cypress_runner.js:162150:10)\n    at Async.drainQueues (http://localhost:41519/__cypress/runner/cypress_runner.js:162024:14)",
                "diff": null
              },
              "uuid": "aead0435-d06c-4f70-8cf4-b9242e28ea0c",
              "parentUUID": "83b5b703-0a2e-48a4-94a8-033c067a9651",
              "isHook": false,
              "skipped": false
            },
            {
              "title": "Verifica se nenhum valor for colocado no input ao clicar no botão, um `alert` é exibido com o texto: 'Board inválido!'",
              "fullTitle": "10 - Faça o quadro de pixels ter seu tamanho definido pelo usuário. Verifica se nenhum valor for colocado no input ao clicar no botão, um `alert` é exibido com o texto: 'Board inválido!'",
              "timedOut": null,
              "duration": 4402,
              "state": "failed",
              "speed": null,
              "pass": false,
              "fail": true,
              "pending": false,
              "context": null,
              "code": "var alerted = false;\ncy.on('window:alert', function (msg) {\n  return alerted = msg;\n});\ncy.get('#generate-board').click().then(function () {\n  return expect(alerted).to.match(/Board inválido!/i);\n});",
              "err": {
                "message": "CypressError: Timed out retrying: Expected to find element: '#generate-board', but never found it.",
                "estack": "CypressError: Timed out retrying: Expected to find element: '#generate-board', but never found it.\n    at cypressErr (http://localhost:41519/__cypress/runner/cypress_runner.js:149934:9)\n    at throwErr (http://localhost:41519/__cypress/runner/cypress_runner.js:149867:11)\n    at Object.throwErrByPath (http://localhost:41519/__cypress/runner/cypress_runner.js:149915:3)\n    at retry (http://localhost:41519/__cypress/runner/cypress_runner.js:144197:19)\n    at onFailFn (http://localhost:41519/__cypress/runner/cypress_runner.js:132448:16)\n    at tryCatcher (http://localhost:41519/__cypress/runner/cypress_runner.js:167415:23)\n    at Promise._settlePromiseFromHandler (http://localhost:41519/__cypress/runner/cypress_runner.js:165351:31)\n    at Promise._settlePromise (http://localhost:41519/__cypress/runner/cypress_runner.js:165408:18)\n    at Promise._settlePromise0 (http://localhost:41519/__cypress/runner/cypress_runner.js:165453:10)\n    at Promise._settlePromises (http://localhost:41519/__cypress/runner/cypress_runner.js:165528:18)\n    at Async../node_modules/bluebird/js/release/async.js.Async._drainQueue (http://localhost:41519/__cypress/runner/cypress_runner.js:162140:16)\n    at Async../node_modules/bluebird/js/release/async.js.Async._drainQueues (http://localhost:41519/__cypress/runner/cypress_runner.js:162150:10)\n    at Async.drainQueues (http://localhost:41519/__cypress/runner/cypress_runner.js:162024:14)",
                "diff": null
              },
              "uuid": "116eb2cd-2cc6-4a57-86fd-42d0d40af024",
              "parentUUID": "83b5b703-0a2e-48a4-94a8-033c067a9651",
              "isHook": false,
              "skipped": false
            },
            {
              "title": "Verifica se ao clicar no botão com um valor preenchido, o tamanho do board muda.",
              "fullTitle": "10 - Faça o quadro de pixels ter seu tamanho definido pelo usuário. Verifica se ao clicar no botão com um valor preenchido, o tamanho do board muda.",
              "timedOut": null,
              "duration": 4403,
              "state": "failed",
              "speed": null,
              "pass": false,
              "fail": true,
              "pending": false,
              "context": null,
              "code": "cy.get('#board-size').clear().type(10);\ncy.get('#generate-board').click();\ncy.get('.pixel').should('have.length', 100);",
              "err": {
                "message": "CypressError: Timed out retrying: Expected to find element: '#board-size', but never found it.",
                "estack": "CypressError: Timed out retrying: Expected to find element: '#board-size', but never found it.\n    at cypressErr (http://localhost:41519/__cypress/runner/cypress_runner.js:149934:9)\n    at throwErr (http://localhost:41519/__cypress/runner/cypress_runner.js:149867:11)\n    at Object.throwErrByPath (http://localhost:41519/__cypress/runner/cypress_runner.js:149915:3)\n    at retry (http://localhost:41519/__cypress/runner/cypress_runner.js:144197:19)\n    at onFailFn (http://localhost:41519/__cypress/runner/cypress_runner.js:132448:16)\n    at tryCatcher (http://localhost:41519/__cypress/runner/cypress_runner.js:167415:23)\n    at Promise._settlePromiseFromHandler (http://localhost:41519/__cypress/runner/cypress_runner.js:165351:31)\n    at Promise._settlePromise (http://localhost:41519/__cypress/runner/cypress_runner.js:165408:18)\n    at Promise._settlePromise0 (http://localhost:41519/__cypress/runner/cypress_runner.js:165453:10)\n    at Promise._settlePromises (http://localhost:41519/__cypress/runner/cypress_runner.js:165528:18)\n    at Async../node_modules/bluebird/js/release/async.js.Async._drainQueue (http://localhost:41519/__cypress/runner/cypress_runner.js:162140:16)\n    at Async../node_modules/bluebird/js/release/async.js.Async._drainQueues (http://localhost:41519/__cypress/runner/cypress_runner.js:162150:10)\n    at Async.drainQueues (http://localhost:41519/__cypress/runner/cypress_runner.js:162024:14)",
                "diff": null
              },
              "uuid": "d8e202f0-41ff-4607-ad35-dcb1e467382d",
              "parentUUID": "83b5b703-0a2e-48a4-94a8-033c067a9651",
              "isHook": false,
              "skipped": false
            },
            {
              "title": "Verifica se o novo quadro tem todos os pixels preenchidos com a cor branca",
              "fullTitle": "10 - Faça o quadro de pixels ter seu tamanho definido pelo usuário. Verifica se o novo quadro tem todos os pixels preenchidos com a cor branca",
              "timedOut": null,
              "duration": 4390,
              "state": "failed",
              "speed": null,
              "pass": false,
              "fail": true,
              "pending": false,
              "context": null,
              "code": "cy.get('#board-size').clear().type(6);\ncy.get('#generate-board').click();\ncy.get('.pixel').should('have.length', 36).each(function (pixel) {\n  expect(pixel).to.have.css('background-color', WHITE);\n});",
              "err": {
                "message": "CypressError: Timed out retrying: Expected to find element: '#board-size', but never found it.",
                "estack": "CypressError: Timed out retrying: Expected to find element: '#board-size', but never found it.\n    at cypressErr (http://localhost:41519/__cypress/runner/cypress_runner.js:149934:9)\n    at throwErr (http://localhost:41519/__cypress/runner/cypress_runner.js:149867:11)\n    at Object.throwErrByPath (http://localhost:41519/__cypress/runner/cypress_runner.js:149915:3)\n    at retry (http://localhost:41519/__cypress/runner/cypress_runner.js:144197:19)\n    at onFailFn (http://localhost:41519/__cypress/runner/cypress_runner.js:132448:16)\n    at tryCatcher (http://localhost:41519/__cypress/runner/cypress_runner.js:167415:23)\n    at Promise._settlePromiseFromHandler (http://localhost:41519/__cypress/runner/cypress_runner.js:165351:31)\n    at Promise._settlePromise (http://localhost:41519/__cypress/runner/cypress_runner.js:165408:18)\n    at Promise._settlePromise0 (http://localhost:41519/__cypress/runner/cypress_runner.js:165453:10)\n    at Promise._settlePromises (http://localhost:41519/__cypress/runner/cypress_runner.js:165528:18)\n    at Async../node_modules/bluebird/js/release/async.js.Async._drainQueue (http://localhost:41519/__cypress/runner/cypress_runner.js:162140:16)\n    at Async../node_modules/bluebird/js/release/async.js.Async._drainQueues (http://localhost:41519/__cypress/runner/cypress_runner.js:162150:10)\n    at Async.drainQueues (http://localhost:41519/__cypress/runner/cypress_runner.js:162024:14)",
                "diff": null
              },
              "uuid": "c18e56fc-4fbb-4659-bc08-fd542fd48b33",
              "parentUUID": "83b5b703-0a2e-48a4-94a8-033c067a9651",
              "isHook": false,
              "skipped": false
            }
          ],
          "suites": [],
          "passes": [],
          "failures": [
            "e35b4d63-478f-4232-a5c8-46a91f1b842a",
            "4a2804c9-7f28-4fd4-abe2-c7c4101d028c",
            "335f9a5b-7d05-4497-b874-2b4bc8de7529",
            "c1a6085d-0d51-4813-b7f8-dacf7e6804d8",
            "8ec60314-5809-44ab-888f-c32e92d8e39e",
            "aead0435-d06c-4f70-8cf4-b9242e28ea0c",
            "116eb2cd-2cc6-4a57-86fd-42d0d40af024",
            "d8e202f0-41ff-4607-ad35-dcb1e467382d",
            "c18e56fc-4fbb-4659-bc08-fd542fd48b33"
          ],
          "pending": [],
          "skipped": [],
          "duration": 39525,
          "root": false,
          "rootEmpty": false,
          "_timeout": 2000
        },
        {
          "uuid": "00495622-e765-43c8-99f3-70ac3c417864",
          "title": "11 - Limite o tamanho mínimo e máximo do board.",
          "fullFile": "",
          "file": "",
          "beforeHooks": [],
          "afterHooks": [],
          "tests": [
            {
              "title": "Verifica se a altura máxima do board é 50",
              "fullTitle": "11 - Limite o tamanho mínimo e máximo do board. Verifica se a altura máxima do board é 50",
              "timedOut": null,
              "duration": 4377,
              "state": "failed",
              "speed": null,
              "pass": false,
              "fail": true,
              "pending": false,
              "context": null,
              "code": "cy.get('#board-size').clear().type(50);\ncy.get('#generate-board').click();\ncy.get('.pixel').should('have.length', 2500);",
              "err": {
                "message": "CypressError: Timed out retrying: Expected to find element: '#board-size', but never found it.",
                "estack": "CypressError: Timed out retrying: Expected to find element: '#board-size', but never found it.\n    at cypressErr (http://localhost:41519/__cypress/runner/cypress_runner.js:149934:9)\n    at throwErr (http://localhost:41519/__cypress/runner/cypress_runner.js:149867:11)\n    at Object.throwErrByPath (http://localhost:41519/__cypress/runner/cypress_runner.js:149915:3)\n    at retry (http://localhost:41519/__cypress/runner/cypress_runner.js:144197:19)\n    at onFailFn (http://localhost:41519/__cypress/runner/cypress_runner.js:132448:16)\n    at tryCatcher (http://localhost:41519/__cypress/runner/cypress_runner.js:167415:23)\n    at Promise._settlePromiseFromHandler (http://localhost:41519/__cypress/runner/cypress_runner.js:165351:31)\n    at Promise._settlePromise (http://localhost:41519/__cypress/runner/cypress_runner.js:165408:18)\n    at Promise._settlePromise0 (http://localhost:41519/__cypress/runner/cypress_runner.js:165453:10)\n    at Promise._settlePromises (http://localhost:41519/__cypress/runner/cypress_runner.js:165528:18)\n    at Async../node_modules/bluebird/js/release/async.js.Async._drainQueue (http://localhost:41519/__cypress/runner/cypress_runner.js:162140:16)\n    at Async../node_modules/bluebird/js/release/async.js.Async._drainQueues (http://localhost:41519/__cypress/runner/cypress_runner.js:162150:10)\n    at Async.drainQueues (http://localhost:41519/__cypress/runner/cypress_runner.js:162024:14)",
                "diff": null
              },
              "uuid": "5fa6e222-d7ff-4f75-944e-37fa4780c88b",
              "parentUUID": "00495622-e765-43c8-99f3-70ac3c417864",
              "isHook": false,
              "skipped": false
            },
            {
              "title": "Verifica se a altura do board é 5 quando um valor menor é colocado no input",
              "fullTitle": "11 - Limite o tamanho mínimo e máximo do board. Verifica se a altura do board é 5 quando um valor menor é colocado no input",
              "timedOut": null,
              "duration": 4376,
              "state": "failed",
              "speed": null,
              "pass": false,
              "fail": true,
              "pending": false,
              "context": null,
              "code": "cy.get('#board-size').clear().type(4);\ncy.get('#generate-board').click();\ncy.get('.pixel').should('have.length', 25);",
              "err": {
                "message": "CypressError: Timed out retrying: Expected to find element: '#board-size', but never found it.",
                "estack": "CypressError: Timed out retrying: Expected to find element: '#board-size', but never found it.\n    at cypressErr (http://localhost:41519/__cypress/runner/cypress_runner.js:149934:9)\n    at throwErr (http://localhost:41519/__cypress/runner/cypress_runner.js:149867:11)\n    at Object.throwErrByPath (http://localhost:41519/__cypress/runner/cypress_runner.js:149915:3)\n    at retry (http://localhost:41519/__cypress/runner/cypress_runner.js:144197:19)\n    at onFailFn (http://localhost:41519/__cypress/runner/cypress_runner.js:132448:16)\n    at tryCatcher (http://localhost:41519/__cypress/runner/cypress_runner.js:167415:23)\n    at Promise._settlePromiseFromHandler (http://localhost:41519/__cypress/runner/cypress_runner.js:165351:31)\n    at Promise._settlePromise (http://localhost:41519/__cypress/runner/cypress_runner.js:165408:18)\n    at Promise._settlePromise0 (http://localhost:41519/__cypress/runner/cypress_runner.js:165453:10)\n    at Promise._settlePromises (http://localhost:41519/__cypress/runner/cypress_runner.js:165528:18)\n    at Async../node_modules/bluebird/js/release/async.js.Async._drainQueue (http://localhost:41519/__cypress/runner/cypress_runner.js:162140:16)\n    at Async../node_modules/bluebird/js/release/async.js.Async._drainQueues (http://localhost:41519/__cypress/runner/cypress_runner.js:162150:10)\n    at Async.drainQueues (http://localhost:41519/__cypress/runner/cypress_runner.js:162024:14)",
                "diff": null
              },
              "uuid": "fe22a1ab-146b-4d06-88fa-38aca415fd1d",
              "parentUUID": "00495622-e765-43c8-99f3-70ac3c417864",
              "isHook": false,
              "skipped": false
            },
            {
              "title": "Verifica se a altura do board é 50 quando um valor maior é colocado no input",
              "fullTitle": "11 - Limite o tamanho mínimo e máximo do board. Verifica se a altura do board é 50 quando um valor maior é colocado no input",
              "timedOut": null,
              "duration": 4338,
              "state": "failed",
              "speed": null,
              "pass": false,
              "fail": true,
              "pending": false,
              "context": null,
              "code": "cy.get('#board-size').clear().type(51);\ncy.get('#generate-board').click();\ncy.get('.pixel').should('have.length', 2500);",
              "err": {
                "message": "CypressError: Timed out retrying: Expected to find element: '#board-size', but never found it.",
                "estack": "CypressError: Timed out retrying: Expected to find element: '#board-size', but never found it.\n    at cypressErr (http://localhost:41519/__cypress/runner/cypress_runner.js:149934:9)\n    at throwErr (http://localhost:41519/__cypress/runner/cypress_runner.js:149867:11)\n    at Object.throwErrByPath (http://localhost:41519/__cypress/runner/cypress_runner.js:149915:3)\n    at retry (http://localhost:41519/__cypress/runner/cypress_runner.js:144197:19)\n    at onFailFn (http://localhost:41519/__cypress/runner/cypress_runner.js:132448:16)\n    at tryCatcher (http://localhost:41519/__cypress/runner/cypress_runner.js:167415:23)\n    at Promise._settlePromiseFromHandler (http://localhost:41519/__cypress/runner/cypress_runner.js:165351:31)\n    at Promise._settlePromise (http://localhost:41519/__cypress/runner/cypress_runner.js:165408:18)\n    at Promise._settlePromise0 (http://localhost:41519/__cypress/runner/cypress_runner.js:165453:10)\n    at Promise._settlePromises (http://localhost:41519/__cypress/runner/cypress_runner.js:165528:18)\n    at Async../node_modules/bluebird/js/release/async.js.Async._drainQueue (http://localhost:41519/__cypress/runner/cypress_runner.js:162140:16)\n    at Async../node_modules/bluebird/js/release/async.js.Async._drainQueues (http://localhost:41519/__cypress/runner/cypress_runner.js:162150:10)\n    at Async.drainQueues (http://localhost:41519/__cypress/runner/cypress_runner.js:162024:14)",
                "diff": null
              },
              "uuid": "d84320a1-5005-4244-959a-d18e2641df2d",
              "parentUUID": "00495622-e765-43c8-99f3-70ac3c417864",
              "isHook": false,
              "skipped": false
            }
          ],
          "suites": [],
          "passes": [],
          "failures": [
            "5fa6e222-d7ff-4f75-944e-37fa4780c88b",
            "fe22a1ab-146b-4d06-88fa-38aca415fd1d",
            "d84320a1-5005-4244-959a-d18e2641df2d"
          ],
          "pending": [],
          "skipped": [],
          "duration": 13091,
          "root": false,
          "rootEmpty": false,
          "_timeout": 2000
        },
        {
          "uuid": "e5a7ee96-4e5f-4632-ac4b-5ad1ac0e519e",
          "title": "12 - Faça com que as cores da paleta sejam geradas aleatoriamente ao carregar a página.",
          "fullFile": "",
          "file": "",
          "beforeHooks": [],
          "afterHooks": [],
          "tests": [
            {
              "title": "Verifica se as cores geradas na paleta são diferentes a cada carregamento da página",
              "fullTitle": "12 - Faça com que as cores da paleta sejam geradas aleatoriamente ao carregar a página. Verifica se as cores geradas na paleta são diferentes a cada carregamento da página",
              "timedOut": null,
              "duration": 539,
              "state": "failed",
              "speed": null,
              "pass": false,
              "fail": true,
              "pending": false,
              "context": null,
              "code": "cy.get('.color').then(function (colors) {\n  var currentColors;\n  var previousColors;\n  previousColors = Array.from(colors).map(function (color) {\n    return Cypress.$(color).css('background-color');\n  });\n  for (var i = 0; i < 5; i += 1) {\n    cy.reload();\n    cy.get('.color').then(function (colors) {\n      currentColors = Array.from(colors).map(function (color) {\n        return Cypress.$(color).css('background-color');\n      });\n      expect(currentColors).not.to.deep.equal(previousColors);\n      previousColors = currentColors;\n    });\n  }\n});",
              "err": {
                "message": "AssertionError: expected [ Array(4) ] to not deeply equal [ Array(4) ]",
                "estack": "AssertionError: expected [ Array(4) ] to not deeply equal [ Array(4) ]\n    at getRet (http://localhost:41519/__cypress/runner/cypress_runner.js:136585:16)\n    at tryCatcher (http://localhost:41519/__cypress/runner/cypress_runner.js:167415:23)\n    at Function.Promise.attempt.Promise.try (http://localhost:41519/__cypress/runner/cypress_runner.js:164690:29)\n    at Context.thenFn (http://localhost:41519/__cypress/runner/cypress_runner.js:136599:23)\n    at Context.then (http://localhost:41519/__cypress/runner/cypress_runner.js:136971:21)\n    at Context.<anonymous> (http://localhost:41519/__cypress/runner/cypress_runner.js:148875:21)\n    at http://localhost:41519/__cypress/runner/cypress_runner.js:148351:33\n    at tryCatcher (http://localhost:41519/__cypress/runner/cypress_runner.js:167415:23)\n    at Promise._settlePromiseFromHandler (http://localhost:41519/__cypress/runner/cypress_runner.js:165351:31)\n    at Promise._settlePromise (http://localhost:41519/__cypress/runner/cypress_runner.js:165408:18)\n    at Promise._settlePromiseCtx (http://localhost:41519/__cypress/runner/cypress_runner.js:165445:10)\n    at Async../node_modules/bluebird/js/release/async.js.Async._drainQueue (http://localhost:41519/__cypress/runner/cypress_runner.js:162145:12)\n    at Async../node_modules/bluebird/js/release/async.js.Async._drainQueues (http://localhost:41519/__cypress/runner/cypress_runner.js:162150:10)\n    at Async.drainQueues (http://localhost:41519/__cypress/runner/cypress_runner.js:162024:14)",
                "diff": ""
              },
              "uuid": "4863600d-9eb9-402a-a05d-252539291ff1",
              "parentUUID": "e5a7ee96-4e5f-4632-ac4b-5ad1ac0e519e",
              "isHook": false,
              "skipped": false
            },
            {
              "title": "Verifica se a cor preta ainda está presente e é a primeira na sua paleta de cores",
              "fullTitle": "12 - Faça com que as cores da paleta sejam geradas aleatoriamente ao carregar a página. Verifica se a cor preta ainda está presente e é a primeira na sua paleta de cores",
              "timedOut": null,
              "duration": 475,
              "state": "failed",
              "speed": null,
              "pass": false,
              "fail": true,
              "pending": false,
              "context": null,
              "code": "cy.get('.color').then(function (colors) {\n  var currentColors;\n  var previousColors;\n  previousColors = Array.from(colors).map(function (color) {\n    return Cypress.$(color).css('background-color');\n  });\n  expect(previousColors[0]).to.eq(BLACK);\n  for (var i = 0; i < 5; i += 1) {\n    cy.reload();\n    cy.get('.color').then(function (colors) {\n      currentColors = Array.from(colors).map(function (color) {\n        return Cypress.$(color).css('background-color');\n      });\n      expect(currentColors[0]).to.eq(BLACK);\n      expect(currentColors).not.to.deep.equal(previousColors);\n      previousColors = currentColors;\n    });\n  }\n});",
              "err": {
                "message": "AssertionError: expected [ Array(4) ] to not deeply equal [ Array(4) ]",
                "estack": "AssertionError: expected [ Array(4) ] to not deeply equal [ Array(4) ]\n    at getRet (http://localhost:41519/__cypress/runner/cypress_runner.js:136585:16)\n    at tryCatcher (http://localhost:41519/__cypress/runner/cypress_runner.js:167415:23)\n    at Function.Promise.attempt.Promise.try (http://localhost:41519/__cypress/runner/cypress_runner.js:164690:29)\n    at Context.thenFn (http://localhost:41519/__cypress/runner/cypress_runner.js:136599:23)\n    at Context.then (http://localhost:41519/__cypress/runner/cypress_runner.js:136971:21)\n    at Context.<anonymous> (http://localhost:41519/__cypress/runner/cypress_runner.js:148875:21)\n    at http://localhost:41519/__cypress/runner/cypress_runner.js:148351:33\n    at tryCatcher (http://localhost:41519/__cypress/runner/cypress_runner.js:167415:23)\n    at Promise._settlePromiseFromHandler (http://localhost:41519/__cypress/runner/cypress_runner.js:165351:31)\n    at Promise._settlePromise (http://localhost:41519/__cypress/runner/cypress_runner.js:165408:18)\n    at Promise._settlePromiseCtx (http://localhost:41519/__cypress/runner/cypress_runner.js:165445:10)\n    at Async../node_modules/bluebird/js/release/async.js.Async._drainQueue (http://localhost:41519/__cypress/runner/cypress_runner.js:162145:12)\n    at Async../node_modules/bluebird/js/release/async.js.Async._drainQueues (http://localhost:41519/__cypress/runner/cypress_runner.js:162150:10)\n    at Async.drainQueues (http://localhost:41519/__cypress/runner/cypress_runner.js:162024:14)",
                "diff": ""
              },
              "uuid": "d66440ee-2ab0-44be-90da-8b5037997ab2",
              "parentUUID": "e5a7ee96-4e5f-4632-ac4b-5ad1ac0e519e",
              "isHook": false,
              "skipped": false
            }
          ],
          "suites": [],
          "passes": [],
          "failures": [
            "4863600d-9eb9-402a-a05d-252539291ff1",
            "d66440ee-2ab0-44be-90da-8b5037997ab2"
          ],
          "pending": [],
          "skipped": [],
          "duration": 1014,
          "root": false,
          "rootEmpty": false,
          "_timeout": 2000
        }
      ],
      "passes": [],
      "failures": [],
      "pending": [],
      "skipped": [],
      "duration": 0,
      "root": true,
      "rootEmpty": true,
      "_timeout": 2000
    }
  ],
  "meta": {
    "mocha": {
      "version": "7.0.1"
    },
    "mochawesome": {
      "options": {
        "quiet": false,
        "reportFilename": "mochawesome",
        "saveHtml": false,
        "saveJson": true,
        "consoleReporter": "spec",
        "useInlineDiffs": false
      },
      "version": "4.1.0"
    },
    "marge": {
      "options": {
        "id": "default",
        "reportDir": "cypress/reports",
        "overwrite": true,
        "html": false,
        "json": true
      },
      "version": "4.1.0"
    }
  }
}